2014-06-05 21:00:33.791 [error] <0.57.0>@lager_handler_watcher:98 Lager fatally failed to install handler lager_console_backend into lager_event, NOT retrying: old_shell
2014-06-05 21:00:33.791 [warning] <0.52.0>@lager_console_backend:64 Lager's console backend is incompatible with the 'old' shell, not enabling it
2014-06-05 21:00:33.959 [info] <0.7.0> Application lager started on node 'robot1@127.0.0.1'
2014-06-05 21:00:34.037 [info] <0.7.0> Application sasl started on node 'robot1@127.0.0.1'
2014-06-05 21:00:34.079 [error] <0.82.0>@robot_app:start_robots:29 DBG "Numbers"==1
2014-06-05 21:00:34.133 [error] <0.84.0>@client_robot:init:14 DBG "Accout"==[114,111,98,111,116,95,49]
2014-06-05 21:00:34.343 [error] <0.84.0>@client_robot:do_login:128 DBG "State"=={robot,0,[114,111,98,111,116,95,49],[],1,#Port<0.3424>,0,1,undefined,0,undefined,[],0,0,0,[],0,0}
2014-06-05 21:00:34.444 [error] <0.84.0>@robot_util:send_msg:9 Send packet: {ms_login,"robot_1"}
2014-06-05 21:00:34.534 [error] <0.84.0>@pt:unpacket:9 Recv packet: {mc_login,0,1}
2014-06-05 21:00:34.578 [error] <0.84.0>@mod_role:handle:9 DBG "Code"==0
2014-06-05 21:00:34.850 [info] <0.7.0> Application robot started on node 'robot1@127.0.0.1'
2014-06-05 21:00:35.350 [error] <0.84.0>@robot_util:send_msg:9 Send packet: {ms_enter_game,1}
2014-06-05 21:00:35.591 [error] <0.84.0>@pt:unpacket:9 Recv packet: {mc_enter_game,1,10000,110,52}
2014-06-05 21:00:36.363 [error] <0.84.0>@robot_util:send_msg:9 Send packet: {ms_map_enter,10000}
2014-06-05 21:00:36.712 [error] <0.84.0>@pt:unpacket:9 Recv packet: {mc_map_enter,[],[]}
2014-06-05 21:00:36.792 [error] <0.84.0>@mod_map:handle:9 DBG "State"=={robot,1,[114,111,98,111,116,95,49],[],6,#Port<0.3424>,0,1,undefined,10000,{r_pos,0,110,52,0},[],0,0,0,[],0,0}
2014-06-05 21:00:38.391 [error] <0.84.0>@robot_util:send_msg:9 Send packet: {ms_map_move,"n4m4l4k4j4i4h4g4"}
2014-06-05 21:00:38.391 [error] <0.84.0>@robot_util:send_msg:9 Send packet: {ms_map_move_check,110,52}
2014-06-05 21:00:38.603 [error] <0.84.0>@robot_util:send_msg:9 Send packet: {ms_map_move_check,109,52}
2014-06-05 21:00:38.806 [error] <0.84.0>@robot_util:send_msg:9 Send packet: {ms_map_move_check,108,52}
2014-06-05 21:00:39.003 [error] <0.84.0>@robot_util:send_msg:9 Send packet: {ms_map_move_check,107,52}
2014-06-05 21:00:39.004 [error] <0.84.0>@pt:unpacket:9 Recv packet: {mc_map_leave,[],[]}
2014-06-05 21:00:39.004 [error] <0.84.0>@pt:unpacket:9 Recv packet: {mc_map_enter,[],[]}
2014-06-05 21:00:39.004 [error] <0.84.0>@mod_map:handle:9 DBG "State"=={robot,1,[114,111,98,111,116,95,49],[],6,#Port<0.3424>,0,1,[1],10000,{r_pos,0,107,52,0},[{106,52},{105,52},{104,52},{103,52}],0,0,0,[],0,0}
2014-06-05 21:00:39.204 [error] <0.84.0>@robot_util:send_msg:9 Send packet: {ms_map_move_check,106,52}
2014-06-05 21:00:39.405 [error] <0.84.0>@robot_util:send_msg:9 Send packet: {ms_map_move_check,106,52}
2014-06-05 21:00:39.616 [error] <0.84.0>@robot_util:send_msg:9 Send packet: {ms_map_move_check,106,53}
2014-06-05 21:00:39.823 [error] <0.84.0>@robot_util:send_msg:9 Send packet: {ms_map_move_check,106,54}
2014-06-05 21:00:40.023 [error] <0.84.0>@robot_util:send_msg:9 Send packet: {ms_map_move_check,106,55}
2014-06-05 21:00:40.226 [error] <0.84.0>@robot_util:send_msg:9 Send packet: {ms_map_move_check,106,56}
2014-06-05 21:00:40.421 [error] <0.84.0>@robot_util:send_msg:9 Send packet: {ms_map_move,"j9j:j;"}
2014-06-05 21:00:40.421 [error] <0.84.0>@robot_util:send_msg:9 Send packet: {ms_map_move_check,106,57}
2014-06-05 21:00:40.421 [error] <0.84.0>@robot_util:send_msg:9 Send packet: {ms_map_move_check,106,58}
2014-06-05 21:00:40.631 [error] <0.84.0>@robot_util:send_msg:9 Send packet: {ms_map_move_check,106,59}
2014-06-05 21:00:42.447 [error] <0.84.0>@robot_util:send_msg:9 Send packet: {ms_map_move,"j;i;h;g;f;e;d;c;"}
2014-06-05 21:00:42.447 [error] <0.84.0>@robot_util:send_msg:9 Send packet: {ms_map_move_check,106,59}
2014-06-05 21:00:42.661 [error] <0.84.0>@robot_util:send_msg:9 Send packet: {ms_map_move_check,105,59}
2014-06-05 21:00:42.863 [error] <0.84.0>@robot_util:send_msg:9 Send packet: {ms_map_move_check,104,59}
2014-06-05 21:00:43.066 [error] <0.84.0>@robot_util:send_msg:9 Send packet: {ms_map_move_check,103,59}
2014-06-05 21:00:43.265 [error] <0.84.0>@robot_util:send_msg:9 Send packet: {ms_map_move_check,102,59}
2014-06-05 21:00:43.462 [error] <0.84.0>@robot_util:send_msg:9 Send packet: {ms_map_move_check,101,59}
2014-06-05 21:00:43.665 [error] <0.84.0>@robot_util:send_msg:9 Send packet: {ms_map_move_check,100,59}
2014-06-05 21:00:43.873 [error] <0.84.0>@robot_util:send_msg:9 Send packet: {ms_map_move_check,99,59}
2014-06-05 21:00:45.490 [error] <0.84.0>@robot_util:send_msg:9 Send packet: {ms_map_move,"c;c<c=c>c?c@cAcB"}
2014-06-05 21:00:45.490 [error] <0.84.0>@robot_util:send_msg:9 Send packet: {ms_map_move_check,99,59}
2014-06-05 21:00:45.702 [error] <0.84.0>@robot_util:send_msg:9 Send packet: {ms_map_move_check,99,60}
2014-06-05 21:00:45.703 [error] <0.84.0>@pt:unpacket:9 Recv packet: {mc_map_leave,[],[]}
2014-06-05 21:00:45.703 [error] <0.84.0>@pt:unpacket:9 Recv packet: {mc_map_enter,[],[]}
2014-06-05 21:00:45.703 [error] <0.84.0>@mod_map:handle:9 DBG "State"=={robot,1,[114,111,98,111,116,95,49],[],6,#Port<0.3424>,0,1,[1],10000,{r_pos,0,99,60,0},[{99,61},{99,62},{99,63},{99,64},{99,65},{99,66}],0,0,0,[],0,0}
2014-06-05 21:00:45.900 [error] <0.84.0>@robot_util:send_msg:9 Send packet: {ms_map_move_check,99,61}
2014-06-05 21:00:46.107 [error] <0.84.0>@robot_util:send_msg:9 Send packet: {ms_map_move_check,99,62}
2014-06-05 21:00:46.304 [error] <0.84.0>@robot_util:send_msg:9 Send packet: {ms_map_move_check,99,63}
2014-06-05 21:00:46.505 [error] <0.84.0>@robot_util:send_msg:9 Send packet: {ms_map_move_check,99,63}
2014-06-05 21:00:46.717 [error] <0.84.0>@robot_util:send_msg:9 Send packet: {ms_map_move_check,99,62}
2014-06-05 21:00:46.920 [error] <0.84.0>@robot_util:send_msg:9 Send packet: {ms_map_move_check,99,61}
2014-06-05 21:00:47.124 [error] <0.84.0>@robot_util:send_msg:9 Send packet: {ms_map_move_check,99,60}
2014-06-05 21:00:47.324 [error] <0.84.0>@robot_util:send_msg:9 Send packet: {ms_map_move_check,99,59}
2014-06-05 21:00:47.519 [error] <0.84.0>@robot_util:send_msg:9 Send packet: {ms_map_move,"c:c9c8"}
2014-06-05 21:00:47.519 [error] <0.84.0>@robot_util:send_msg:9 Send packet: {ms_map_move_check,99,58}
2014-06-05 21:00:47.519 [error] <0.84.0>@robot_util:send_msg:9 Send packet: {ms_map_move_check,99,57}
2014-06-05 21:00:47.521 [error] <0.84.0>@pt:unpacket:9 Recv packet: {mc_map_leave,[],[]}
2014-06-05 21:00:47.521 [error] <0.84.0>@pt:unpacket:9 Recv packet: {mc_map_enter,[],[]}
2014-06-05 21:00:47.521 [error] <0.84.0>@mod_map:handle:9 DBG "State"=={robot,1,[114,111,98,111,116,95,49],[],6,#Port<0.3424>,0,1,[1],10000,{r_pos,0,99,57,0},[{99,56}],0,0,0,[],0,0}
2014-06-05 21:00:47.726 [error] <0.84.0>@robot_util:send_msg:9 Send packet: {ms_map_move_check,99,56}
2014-06-05 21:00:49.545 [error] <0.84.0>@robot_util:send_msg:9 Send packet: {ms_map_move,"c8b8a8`8_8^8]8\\8"}
2014-06-05 21:00:49.545 [error] <0.84.0>@robot_util:send_msg:9 Send packet: {ms_map_move_check,99,56}
2014-06-05 21:00:49.755 [error] <0.84.0>@robot_util:send_msg:9 Send packet: {ms_map_move_check,98,56}
2014-06-05 21:00:49.951 [error] <0.84.0>@robot_util:send_msg:9 Send packet: {ms_map_move_check,97,56}
2014-06-05 21:00:50.160 [error] <0.84.0>@robot_util:send_msg:9 Send packet: {ms_map_move_check,96,56}
2014-06-05 21:00:50.363 [error] <0.84.0>@robot_util:send_msg:9 Send packet: {ms_map_move_check,95,56}
2014-06-05 21:00:50.364 [error] <0.84.0>@pt:unpacket:9 Recv packet: {mc_map_leave,[],[]}
2014-06-05 21:00:50.364 [error] <0.84.0>@pt:unpacket:9 Recv packet: {mc_map_enter,[],[]}
2014-06-05 21:00:50.364 [error] <0.84.0>@mod_map:handle:9 DBG "State"=={robot,1,[114,111,98,111,116,95,49],[],6,#Port<0.3424>,0,1,[1],10000,{r_pos,0,95,56,0},[{94,56},{93,56},{92,56}],0,0,0,[],0,0}
2014-06-05 21:00:50.559 [error] <0.84.0>@robot_util:send_msg:9 Send packet: {ms_map_move_check,95,56}
2014-06-05 21:00:50.767 [error] <0.84.0>@robot_util:send_msg:9 Send packet: {ms_map_move_check,95,57}
2014-06-05 21:00:50.975 [error] <0.84.0>@robot_util:send_msg:9 Send packet: {ms_map_move_check,95,58}
2014-06-05 21:00:51.180 [error] <0.84.0>@robot_util:send_msg:9 Send packet: {ms_map_move_check,95,59}
2014-06-05 21:00:51.377 [error] <0.84.0>@robot_util:send_msg:9 Send packet: {ms_map_move_check,95,60}
2014-06-05 21:00:51.574 [error] <0.84.0>@robot_util:send_msg:9 Send packet: {ms_map_move,"_=_>_?"}
2014-06-05 21:00:51.574 [error] <0.84.0>@robot_util:send_msg:9 Send packet: {ms_map_move_check,95,61}
2014-06-05 21:00:51.574 [error] <0.84.0>@robot_util:send_msg:9 Send packet: {ms_map_move_check,95,62}
2014-06-05 21:00:51.575 [error] <0.84.0>@pt:unpacket:9 Recv packet: {mc_map_leave,[],[]}
2014-06-05 21:00:51.575 [error] <0.84.0>@pt:unpacket:9 Recv packet: {mc_map_enter,[],[]}
2014-06-05 21:00:51.575 [error] <0.84.0>@mod_map:handle:9 DBG "State"=={robot,1,[114,111,98,111,116,95,49],[],6,#Port<0.3424>,0,1,[1],10000,{r_pos,0,95,62,0},[{95,63}],0,0,0,[],0,0}
2014-06-05 21:00:51.782 [error] <0.84.0>@robot_util:send_msg:9 Send packet: {ms_map_move_check,95,63}
2014-06-05 21:00:53.602 [error] <0.84.0>@robot_util:send_msg:9 Send packet: {ms_map_move,"_?_@_A_B_C_D_E_F"}
2014-06-05 21:00:53.602 [error] <0.84.0>@robot_util:send_msg:9 Send packet: {ms_map_move_check,95,63}
2014-06-05 21:00:53.804 [error] <0.84.0>@robot_util:send_msg:9 Send packet: {ms_map_move_check,95,64}
2014-06-05 21:00:54.015 [error] <0.84.0>@robot_util:send_msg:9 Send packet: {ms_map_move_check,95,65}
2014-06-05 21:00:54.220 [error] <0.84.0>@robot_util:send_msg:9 Send packet: {ms_map_move_check,95,66}
2014-06-05 21:00:54.419 [error] <0.84.0>@robot_util:send_msg:9 Send packet: {ms_map_move_check,95,67}
2014-06-05 21:00:54.615 [error] <0.84.0>@robot_util:send_msg:9 Send packet: {ms_map_move_check,95,68}
2014-06-05 21:00:54.828 [error] <0.84.0>@robot_util:send_msg:9 Send packet: {ms_map_move_check,95,69}
2014-06-05 21:00:55.023 [error] <0.84.0>@robot_util:send_msg:9 Send packet: {ms_map_move_check,95,70}
2014-06-05 21:00:56.643 [error] <0.84.0>@robot_util:send_msg:9 Send packet: {ms_map_move,"_F_G_H_I_J_K_L_M"}
2014-06-05 21:00:56.643 [error] <0.84.0>@robot_util:send_msg:9 Send packet: {ms_map_move_check,95,70}
2014-06-05 21:00:56.854 [error] <0.84.0>@robot_util:send_msg:9 Send packet: {ms_map_move_check,95,71}
2014-06-05 21:00:57.054 [error] <0.84.0>@robot_util:send_msg:9 Send packet: {ms_map_move_check,95,72}
2014-06-05 21:00:57.056 [error] <0.84.0>@pt:unpacket:9 Recv packet: {mc_map_leave,[],[]}
2014-06-05 21:00:57.056 [error] <0.84.0>@pt:unpacket:9 Recv packet: {mc_map_enter,[],[]}
2014-06-05 21:00:57.056 [error] <0.84.0>@mod_map:handle:9 DBG "State"=={robot,1,[114,111,98,111,116,95,49],[],6,#Port<0.3424>,0,1,[1],10000,{r_pos,0,95,72,0},[{95,73},{95,74},{95,75},{95,76},{95,77}],0,0,0,[],0,0}
2014-06-05 21:00:57.259 [error] <0.84.0>@robot_util:send_msg:9 Send packet: {ms_map_move_check,95,73}
2014-06-05 21:00:57.463 [error] <0.84.0>@robot_util:send_msg:9 Send packet: {ms_map_move_check,95,74}
2014-06-05 21:00:57.657 [error] <0.84.0>@robot_util:send_msg:9 Send packet: {ms_map_move_check,95,74}
2014-06-05 21:00:57.866 [error] <0.84.0>@robot_util:send_msg:9 Send packet: {ms_map_move_check,94,74}
2014-06-05 21:00:58.075 [error] <0.84.0>@robot_util:send_msg:9 Send packet: {ms_map_move_check,93,74}
2014-06-05 21:00:58.273 [error] <0.84.0>@robot_util:send_msg:9 Send packet: {ms_map_move_check,92,74}
2014-06-05 21:00:58.471 [error] <0.84.0>@robot_util:send_msg:9 Send packet: {ms_map_move_check,91,74}
2014-06-05 21:00:58.671 [error] <0.84.0>@robot_util:send_msg:9 Send packet: {ms_map_move,"ZJYJXJ"}
2014-06-05 21:00:58.671 [error] <0.84.0>@robot_util:send_msg:9 Send packet: {ms_map_move_check,90,74}
2014-06-05 21:00:58.671 [error] <0.84.0>@robot_util:send_msg:9 Send packet: {ms_map_move_check,89,74}
2014-06-05 21:00:58.884 [error] <0.84.0>@robot_util:send_msg:9 Send packet: {ms_map_move_check,88,74}
2014-06-05 21:01:00.700 [error] <0.84.0>@robot_util:send_msg:9 Send packet: {ms_map_move,"XJXIXHXGXFXEXDXC"}
2014-06-05 21:01:00.700 [error] <0.84.0>@robot_util:send_msg:9 Send packet: {ms_map_move_check,88,74}
2014-06-05 21:01:00.912 [error] <0.84.0>@robot_util:send_msg:9 Send packet: {ms_map_move_check,88,73}
2014-06-05 21:01:01.114 [error] <0.84.0>@robot_util:send_msg:9 Send packet: {ms_map_move_check,88,72}
2014-06-05 21:01:01.314 [error] <0.84.0>@robot_util:send_msg:9 Send packet: {ms_map_move_check,88,71}
2014-06-05 21:01:01.315 [error] <0.84.0>@pt:unpacket:9 Recv packet: {mc_map_leave,[],[]}
2014-06-05 21:01:01.315 [error] <0.84.0>@pt:unpacket:9 Recv packet: {mc_map_enter,[],[]}
2014-06-05 21:01:01.315 [error] <0.84.0>@mod_map:handle:9 DBG "State"=={robot,1,[114,111,98,111,116,95,49],[],6,#Port<0.3424>,0,1,[1],10000,{r_pos,0,88,71,0},[{88,70},{88,69},{88,68},{88,67}],0,0,0,[],0,0}
2014-06-05 21:01:01.520 [error] <0.84.0>@robot_util:send_msg:9 Send packet: {ms_map_move_check,88,70}
2014-06-05 21:01:01.714 [error] <0.84.0>@robot_util:send_msg:9 Send packet: {ms_map_move_check,88,70}
2014-06-05 21:01:01.927 [error] <0.84.0>@robot_util:send_msg:9 Send packet: {ms_map_move_check,88,69}
2014-06-05 21:01:02.124 [error] <0.84.0>@robot_util:send_msg:9 Send packet: {ms_map_move_check,88,68}
2014-06-05 21:01:02.328 [error] <0.84.0>@robot_util:send_msg:9 Send packet: {ms_map_move_check,88,67}
2014-06-05 21:01:02.530 [error] <0.84.0>@robot_util:send_msg:9 Send packet: {ms_map_move_check,88,66}
2014-06-05 21:01:02.728 [error] <0.84.0>@robot_util:send_msg:9 Send packet: {ms_map_move,"XAX@X?"}
2014-06-05 21:01:02.728 [error] <0.84.0>@robot_util:send_msg:9 Send packet: {ms_map_move_check,88,65}
2014-06-05 21:01:02.728 [error] <0.84.0>@robot_util:send_msg:9 Send packet: {ms_map_move_check,88,64}
2014-06-05 21:01:02.943 [error] <0.84.0>@robot_util:send_msg:9 Send packet: {ms_map_move_check,88,63}
2014-06-05 21:01:04.756 [error] <0.84.0>@robot_util:send_msg:9 Send packet: {ms_map_move,"X?X>X=X<X;X9"}
2014-06-05 21:01:04.756 [error] <0.84.0>@robot_util:send_msg:9 Send packet: {ms_map_move_check,88,63}
2014-06-05 21:01:04.970 [error] <0.84.0>@robot_util:send_msg:9 Send packet: {ms_map_move_check,88,62}
2014-06-05 21:01:05.164 [error] <0.84.0>@robot_util:send_msg:9 Send packet: {ms_map_move_check,88,61}
2014-06-05 21:01:05.374 [error] <0.84.0>@robot_util:send_msg:9 Send packet: {ms_map_move_check,88,60}
2014-06-05 21:01:05.570 [error] <0.84.0>@robot_util:send_msg:9 Send packet: {ms_map_move_check,88,59}
2014-06-05 21:01:05.571 [error] <0.84.0>@pt:unpacket:9 Recv packet: {mc_map_leave,[],[]}
2014-06-05 21:01:05.571 [error] <0.84.0>@pt:unpacket:9 Recv packet: {mc_map_enter,[],[]}
2014-06-05 21:01:05.571 [error] <0.84.0>@mod_map:handle:9 DBG "State"=={robot,1,[114,111,98,111,116,95,49],[],6,#Port<0.3424>,0,1,[1],10000,{r_pos,0,88,59,0},[{88,57}],0,0,0,[],0,0}
2014-06-05 21:01:05.771 [error] <0.84.0>@robot_util:send_msg:9 Send packet: {ms_map_move_check,88,59}
2014-06-05 21:01:05.983 [error] <0.84.0>@robot_util:send_msg:9 Send packet: {ms_map_move_check,89,59}
2014-06-05 21:01:06.187 [error] <0.84.0>@robot_util:send_msg:9 Send packet: {ms_map_move_check,90,59}
2014-06-05 21:01:06.382 [error] <0.84.0>@robot_util:send_msg:9 Send packet: {ms_map_move_check,91,59}
2014-06-05 21:01:06.581 [error] <0.84.0>@robot_util:send_msg:9 Send packet: {ms_map_move_check,92,59}
2014-06-05 21:01:06.784 [error] <0.84.0>@robot_util:send_msg:9 Send packet: {ms_map_move,"];^;_;"}
2014-06-05 21:01:06.784 [error] <0.84.0>@robot_util:send_msg:9 Send packet: {ms_map_move_check,93,59}
2014-06-05 21:01:06.784 [error] <0.84.0>@robot_util:send_msg:9 Send packet: {ms_map_move_check,94,59}
2014-06-05 21:01:06.997 [error] <0.84.0>@robot_util:send_msg:9 Send packet: {ms_map_move_check,95,59}
2014-06-05 21:01:08.811 [error] <0.84.0>@robot_util:send_msg:9 Send packet: {ms_map_move,"_;_:_9_8_7_6_5_4"}
2014-06-05 21:01:08.811 [error] <0.84.0>@robot_util:send_msg:9 Send packet: {ms_map_move_check,95,59}
2014-06-05 21:01:09.026 [error] <0.84.0>@robot_util:send_msg:9 Send packet: {ms_map_move_check,95,58}
2014-06-05 21:01:09.221 [error] <0.84.0>@robot_util:send_msg:9 Send packet: {ms_map_move_check,95,57}
2014-06-05 21:01:09.427 [error] <0.84.0>@robot_util:send_msg:9 Send packet: {ms_map_move_check,95,56}
2014-06-05 21:01:09.630 [error] <0.84.0>@robot_util:send_msg:9 Send packet: {ms_map_move_check,95,55}
2014-06-05 21:01:09.825 [error] <0.84.0>@robot_util:send_msg:9 Send packet: {ms_map_move_check,95,54}
2014-06-05 21:01:10.034 [error] <0.84.0>@robot_util:send_msg:9 Send packet: {ms_map_move_check,95,53}
2014-06-05 21:01:10.235 [error] <0.84.0>@robot_util:send_msg:9 Send packet: {ms_map_move_check,95,52}
2014-06-05 21:01:11.853 [error] <0.84.0>@robot_util:send_msg:9 Send packet: {ms_map_move,"_4^4\\4"}
2014-06-05 21:01:11.853 [error] <0.84.0>@robot_util:send_msg:9 Send packet: {ms_map_move_check,95,52}
2014-06-05 21:01:12.062 [error] <0.84.0>@robot_util:send_msg:9 Send packet: {ms_map_move_check,94,52}
2014-06-05 21:01:12.262 [error] <0.84.0>@robot_util:send_msg:9 Send packet: {ms_map_move_check,92,52}
2014-06-05 21:01:13.881 [error] <0.84.0>@robot_util:send_msg:9 Send packet: {ms_map_move,"\\4]4^4_4`4a4b4c4"}
2014-06-05 21:01:13.881 [error] <0.84.0>@robot_util:send_msg:9 Send packet: {ms_map_move_check,92,52}
2014-06-05 21:01:14.084 [error] <0.84.0>@robot_util:send_msg:9 Send packet: {ms_map_move_check,93,52}
2014-06-05 21:01:14.295 [error] <0.84.0>@robot_util:send_msg:9 Send packet: {ms_map_move_check,94,52}
2014-06-05 21:01:14.495 [error] <0.84.0>@robot_util:send_msg:9 Send packet: {ms_map_move_check,95,52}
2014-06-05 21:01:14.693 [error] <0.84.0>@robot_util:send_msg:9 Send packet: {ms_map_move_check,96,52}
2014-06-05 21:01:14.695 [error] <0.84.0>@pt:unpacket:9 Recv packet: {mc_map_leave,[],[]}
2014-06-05 21:01:14.695 [error] <0.84.0>@pt:unpacket:9 Recv packet: {mc_map_enter,[],[]}
2014-06-05 21:01:14.695 [error] <0.84.0>@mod_map:handle:9 DBG "State"=={robot,1,[114,111,98,111,116,95,49],[],6,#Port<0.3424>,0,1,[1],10000,{r_pos,0,96,52,0},[{97,52},{98,52},{99,52}],0,0,0,[],0,0}
2014-06-05 21:01:14.895 [error] <0.84.0>@robot_util:send_msg:9 Send packet: {ms_map_move_check,96,52}
2014-06-05 21:01:15.110 [error] <0.84.0>@robot_util:send_msg:9 Send packet: {ms_map_move_check,96,51}
2014-06-05 21:01:15.307 [error] <0.84.0>@robot_util:send_msg:9 Send packet: {ms_map_move_check,96,50}
2014-06-05 21:01:15.514 [error] <0.84.0>@robot_util:send_msg:9 Send packet: {ms_map_move_check,96,49}
2014-06-05 21:01:15.716 [error] <0.84.0>@robot_util:send_msg:9 Send packet: {ms_map_move_check,96,48}
2014-06-05 21:01:15.909 [error] <0.84.0>@robot_util:send_msg:9 Send packet: {ms_map_move,"a/a.a-"}
2014-06-05 21:01:15.909 [error] <0.84.0>@robot_util:send_msg:9 Send packet: {ms_map_move_check,97,47}
2014-06-05 21:01:15.909 [error] <0.84.0>@robot_util:send_msg:9 Send packet: {ms_map_move_check,97,46}
2014-06-05 21:01:15.910 [error] <0.84.0>@pt:unpacket:9 Recv packet: {mc_map_leave,[],[]}
2014-06-05 21:01:15.910 [error] <0.84.0>@pt:unpacket:9 Recv packet: {mc_map_enter,[],[]}
2014-06-05 21:01:15.910 [error] <0.84.0>@mod_map:handle:9 DBG "State"=={robot,1,[114,111,98,111,116,95,49],[],6,#Port<0.3424>,0,1,[1],10000,{r_pos,0,97,46,0},[{97,45}],0,0,0,[],0,0}
2014-06-05 21:01:16.113 [error] <0.84.0>@robot_util:send_msg:9 Send packet: {ms_map_move_check,97,45}
2014-06-05 21:01:17.937 [error] <0.84.0>@robot_util:send_msg:9 Send packet: {ms_map_move,"a-a.a/a0a1a2a3a4"}
2014-06-05 21:01:17.937 [error] <0.84.0>@robot_util:send_msg:9 Send packet: {ms_map_move_check,97,45}
2014-06-05 21:01:18.141 [error] <0.84.0>@robot_util:send_msg:9 Send packet: {ms_map_move_check,97,46}
2014-06-05 21:01:18.353 [error] <0.84.0>@robot_util:send_msg:9 Send packet: {ms_map_move_check,97,47}
2014-06-05 21:01:18.545 [error] <0.84.0>@robot_util:send_msg:9 Send packet: {ms_map_move_check,97,48}
2014-06-05 21:01:18.546 [error] <0.84.0>@pt:unpacket:9 Recv packet: {mc_map_leave,[],[]}
2014-06-05 21:01:18.546 [error] <0.84.0>@pt:unpacket:9 Recv packet: {mc_map_enter,[],[]}
2014-06-05 21:01:18.546 [error] <0.84.0>@mod_map:handle:9 DBG "State"=={robot,1,[114,111,98,111,116,95,49],[],6,#Port<0.3424>,0,1,[1],10000,{r_pos,0,97,48,0},[{97,49},{97,50},{97,51},{97,52}],0,0,0,[],0,0}
2014-06-05 21:01:18.756 [error] <0.84.0>@robot_util:send_msg:9 Send packet: {ms_map_move_check,97,49}
2014-06-05 21:01:18.952 [error] <0.84.0>@robot_util:send_msg:9 Send packet: {ms_map_move_check,97,49}
2014-06-05 21:01:19.165 [error] <0.84.0>@robot_util:send_msg:9 Send packet: {ms_map_move_check,97,48}
2014-06-05 21:01:19.369 [error] <0.84.0>@robot_util:send_msg:9 Send packet: {ms_map_move_check,97,47}
2014-06-05 21:01:19.370 [error] <0.84.0>@pt:unpacket:9 Recv packet: {mc_map_leave,[],[]}
2014-06-05 21:01:19.370 [error] <0.84.0>@pt:unpacket:9 Recv packet: {mc_map_enter,[],[]}
2014-06-05 21:01:19.370 [error] <0.84.0>@mod_map:handle:9 DBG "State"=={robot,1,[114,111,98,111,116,95,49],[],7,#Port<0.3424>,0,1,[1],10000,{r_pos,0,97,47,0},[{97,46},{97,45},{97,44},{97,43},{97,42}],0,0,0,[],0,0}
2014-06-05 21:01:19.570 [error] <0.84.0>@robot_util:send_msg:9 Send packet: {ms_map_move_check,97,46}
2014-06-05 21:01:19.765 [error] <0.84.0>@robot_util:send_msg:9 Send packet: {ms_map_move_check,97,45}
2014-06-05 21:01:19.966 [error] <0.84.0>@robot_util:send_msg:9 Send packet: {ms_map_move_check,97,45}
2014-06-05 21:01:20.179 [error] <0.84.0>@robot_util:send_msg:9 Send packet: {ms_map_move_check,97,44}
2014-06-05 21:01:20.380 [error] <0.84.0>@robot_util:send_msg:9 Send packet: {ms_map_move_check,97,43}
2014-06-05 21:01:20.580 [error] <0.84.0>@robot_util:send_msg:9 Send packet: {ms_map_move_check,97,42}
2014-06-05 21:01:20.783 [error] <0.84.0>@robot_util:send_msg:9 Send packet: {ms_map_move_check,97,41}
2014-06-05 21:01:20.980 [error] <0.84.0>@robot_util:send_msg:9 Send packet: {ms_map_move,"a(a'a&"}
2014-06-05 21:01:20.980 [error] <0.84.0>@robot_util:send_msg:9 Send packet: {ms_map_move_check,97,40}
2014-06-05 21:01:20.980 [error] <0.84.0>@robot_util:send_msg:9 Send packet: {ms_map_move_check,97,39}
2014-06-05 21:01:21.184 [error] <0.84.0>@robot_util:send_msg:9 Send packet: {ms_map_move_check,97,38}
2014-06-05 21:01:23.008 [error] <0.84.0>@robot_util:send_msg:9 Send packet: {ms_map_move,[97,38,97,37,97,36,97,35,97,34,97,33,97,32,97,31]}
2014-06-05 21:01:23.008 [error] <0.84.0>@robot_util:send_msg:9 Send packet: {ms_map_move_check,97,38}
2014-06-05 21:01:23.213 [error] <0.84.0>@robot_util:send_msg:9 Send packet: {ms_map_move_check,97,37}
2014-06-05 21:01:23.423 [error] <0.84.0>@robot_util:send_msg:9 Send packet: {ms_map_move_check,97,36}
2014-06-05 21:01:23.627 [error] <0.84.0>@robot_util:send_msg:9 Send packet: {ms_map_move_check,97,35}
2014-06-05 21:01:23.628 [error] <0.84.0>@pt:unpacket:9 Recv packet: {mc_map_leave,[],[]}
2014-06-05 21:01:23.628 [error] <0.84.0>@pt:unpacket:9 Recv packet: {mc_map_enter,[],[]}
2014-06-05 21:01:23.628 [error] <0.84.0>@mod_map:handle:9 DBG "State"=={robot,1,[114,111,98,111,116,95,49],[],6,#Port<0.3424>,0,1,[1],10000,{r_pos,0,97,35,0},[{97,34},{97,33},{97,32},{97,31}],0,0,0,[],0,0}
2014-06-05 21:01:23.819 [error] <0.84.0>@robot_util:send_msg:9 Send packet: {ms_map_move_check,97,34}
2014-06-05 21:01:24.022 [error] <0.84.0>@robot_util:send_msg:9 Send packet: {ms_map_move_check,97,34}
2014-06-05 21:01:24.226 [error] <0.84.0>@robot_util:send_msg:9 Send packet: {ms_map_move_check,96,34}
2014-06-05 21:01:24.432 [error] <0.84.0>@robot_util:send_msg:9 Send packet: {ms_map_move_check,95,34}
2014-06-05 21:01:24.434 [error] <0.84.0>@pt:unpacket:9 Recv packet: {mc_map_leave,[],[]}
2014-06-05 21:01:24.434 [error] <0.84.0>@pt:unpacket:9 Recv packet: {mc_map_enter,[],[]}
2014-06-05 21:01:24.434 [error] <0.84.0>@mod_map:handle:9 DBG "State"=={robot,1,[114,111,98,111,116,95,49],[],7,#Port<0.3424>,0,1,[1],10000,{r_pos,0,95,34,0},[{94,34},{93,34},{92,34},{91,34},{90,34}],0,0,0,[],0,0}
2014-06-05 21:01:24.633 [error] <0.84.0>@robot_util:send_msg:9 Send packet: {ms_map_move_check,94,34}
2014-06-05 21:01:24.835 [error] <0.84.0>@robot_util:send_msg:9 Send packet: {ms_map_move_check,93,34}
2014-06-05 21:01:25.036 [error] <0.84.0>@robot_util:send_msg:9 Send packet: {ms_map_move_check,93,34}
2014-06-05 21:01:25.248 [error] <0.84.0>@robot_util:send_msg:9 Send packet: {ms_map_move_check,93,33}
2014-06-05 21:01:25.443 [error] <0.84.0>@robot_util:send_msg:9 Send packet: {ms_map_move_check,93,32}
2014-06-05 21:01:25.653 [error] <0.84.0>@robot_util:send_msg:9 Send packet: {ms_map_move_check,93,31}
2014-06-05 21:01:25.847 [error] <0.84.0>@robot_util:send_msg:9 Send packet: {ms_map_move_check,93,30}
2014-06-05 21:01:26.050 [error] <0.84.0>@robot_util:send_msg:9 Send packet: {ms_map_move,[93,29,93,28,93,27]}
2014-06-05 21:01:26.050 [error] <0.84.0>@robot_util:send_msg:9 Send packet: {ms_map_move_check,93,29}
2014-06-05 21:01:26.050 [error] <0.84.0>@robot_util:send_msg:9 Send packet: {ms_map_move_check,93,28}
2014-06-05 21:01:26.258 [error] <0.84.0>@robot_util:send_msg:9 Send packet: {ms_map_move_check,93,27}
2014-06-05 21:01:28.078 [error] <0.84.0>@robot_util:send_msg:9 Send packet: {ms_map_move,[93,27,93,28,93,29,93,30,93,31,93,32,93,33,93,34]}
2014-06-05 21:01:28.078 [error] <0.84.0>@robot_util:send_msg:9 Send packet: {ms_map_move_check,93,27}
2014-06-05 21:01:28.286 [error] <0.84.0>@robot_util:send_msg:9 Send packet: {ms_map_move_check,93,28}
2014-06-05 21:01:28.494 [error] <0.84.0>@robot_util:send_msg:9 Send packet: {ms_map_move_check,93,29}
2014-06-05 21:01:28.697 [error] <0.84.0>@robot_util:send_msg:9 Send packet: {ms_map_move_check,93,30}
2014-06-05 21:01:28.900 [error] <0.84.0>@robot_util:send_msg:9 Send packet: {ms_map_move_check,93,31}
2014-06-05 21:01:29.091 [error] <0.84.0>@robot_util:send_msg:9 Send packet: {ms_map_move_check,93,32}
2014-06-05 21:01:29.302 [error] <0.84.0>@robot_util:send_msg:9 Send packet: {ms_map_move_check,93,33}
2014-06-05 21:01:29.504 [error] <0.84.0>@robot_util:send_msg:9 Send packet: {ms_map_move_check,93,34}
2014-06-05 21:01:31.119 [error] <0.84.0>@robot_util:send_msg:9 Send packet: {ms_map_move,"]\"]#]$]%]&]'])"}
2014-06-05 21:01:31.119 [error] <0.84.0>@robot_util:send_msg:9 Send packet: {ms_map_move_check,93,34}
2014-06-05 21:01:31.332 [error] <0.84.0>@robot_util:send_msg:9 Send packet: {ms_map_move_check,93,35}
2014-06-05 21:01:31.535 [error] <0.84.0>@robot_util:send_msg:9 Send packet: {ms_map_move_check,93,36}
2014-06-05 21:01:31.536 [error] <0.84.0>@pt:unpacket:9 Recv packet: {mc_map_leave,[],[]}
2014-06-05 21:01:31.536 [error] <0.84.0>@pt:unpacket:9 Recv packet: {mc_map_enter,[],[]}
2014-06-05 21:01:31.536 [error] <0.84.0>@mod_map:handle:9 DBG "State"=={robot,1,[114,111,98,111,116,95,49],[],6,#Port<0.3424>,0,1,[1],10000,{r_pos,0,93,36,0},[{93,37},{93,38},{93,39},{93,41}],0,0,0,[],0,0}
2014-06-05 21:01:31.730 [error] <0.84.0>@robot_util:send_msg:9 Send packet: {ms_map_move_check,93,37}
2014-06-05 21:01:31.938 [error] <0.84.0>@robot_util:send_msg:9 Send packet: {ms_map_move_check,93,38}
2014-06-05 21:01:32.134 [error] <0.84.0>@robot_util:send_msg:9 Send packet: {ms_map_move_check,93,38}
2014-06-05 21:01:32.339 [error] <0.84.0>@robot_util:send_msg:9 Send packet: {ms_map_move_check,94,38}
2014-06-05 21:01:32.542 [error] <0.84.0>@robot_util:send_msg:9 Send packet: {ms_map_move_check,95,38}
2014-06-05 21:01:32.753 [error] <0.84.0>@robot_util:send_msg:9 Send packet: {ms_map_move_check,96,38}
2014-06-05 21:01:32.947 [error] <0.84.0>@robot_util:send_msg:9 Send packet: {ms_map_move_check,97,38}
2014-06-05 21:01:33.147 [error] <0.84.0>@robot_util:send_msg:9 Send packet: {ms_map_move,"b&c&d&"}
2014-06-05 21:01:33.147 [error] <0.84.0>@robot_util:send_msg:9 Send packet: {ms_map_move_check,98,38}
2014-06-05 21:01:33.147 [error] <0.84.0>@robot_util:send_msg:9 Send packet: {ms_map_move_check,99,38}
2014-06-05 21:01:33.148 [error] <0.84.0>@pt:unpacket:9 Recv packet: {mc_map_leave,[],[]}
2014-06-05 21:01:33.148 [error] <0.84.0>@pt:unpacket:9 Recv packet: {mc_map_enter,[],[]}
2014-06-05 21:01:33.148 [error] <0.84.0>@mod_map:handle:9 DBG "State"=={robot,1,[114,111,98,111,116,95,49],[],6,#Port<0.3424>,0,1,[1],10000,{r_pos,0,99,38,0},[{100,38}],0,0,0,[],0,0}
2014-06-05 21:01:33.358 [error] <0.84.0>@robot_util:send_msg:9 Send packet: {ms_map_move_check,100,38}
2014-06-05 21:01:35.175 [error] <0.84.0>@robot_util:send_msg:9 Send packet: {ms_map_move,"d&c&b&a&`&_&^&]&"}
2014-06-05 21:01:35.175 [error] <0.84.0>@robot_util:send_msg:9 Send packet: {ms_map_move_check,100,38}
2014-06-05 21:01:35.387 [error] <0.84.0>@robot_util:send_msg:9 Send packet: {ms_map_move_check,99,38}
2014-06-05 21:01:35.583 [error] <0.84.0>@robot_util:send_msg:9 Send packet: {ms_map_move_check,98,38}
2014-06-05 21:01:35.794 [error] <0.84.0>@robot_util:send_msg:9 Send packet: {ms_map_move_check,97,38}
2014-06-05 21:01:35.995 [error] <0.84.0>@robot_util:send_msg:9 Send packet: {ms_map_move_check,96,38}
2014-06-05 21:01:36.189 [error] <0.84.0>@robot_util:send_msg:9 Send packet: {ms_map_move_check,95,38}
2014-06-05 21:01:36.190 [error] <0.84.0>@pt:unpacket:9 Recv packet: {mc_map_leave,[],[]}
2014-06-05 21:01:36.190 [error] <0.84.0>@pt:unpacket:9 Recv packet: {mc_map_enter,[],[]}
2014-06-05 21:01:36.190 [error] <0.84.0>@mod_map:handle:9 DBG "State"=={robot,1,[114,111,98,111,116,95,49],[],6,#Port<0.3424>,0,1,[1],10000,{r_pos,0,95,38,0},[{94,38},{93,38}],0,0,0,[],0,0}
2014-06-05 21:01:36.399 [error] <0.84.0>@robot_util:send_msg:9 Send packet: {ms_map_move_check,94,38}
2014-06-05 21:01:36.604 [error] <0.84.0>@robot_util:send_msg:9 Send packet: {ms_map_move_check,93,38}
2014-06-05 21:01:38.218 [error] <0.84.0>@robot_util:send_msg:9 Send packet: {ms_map_move,"]&\\&[&Y&"}
2014-06-05 21:01:38.218 [error] <0.84.0>@robot_util:send_msg:9 Send packet: {ms_map_move_check,93,38}
2014-06-05 21:01:38.426 [error] <0.84.0>@robot_util:send_msg:9 Send packet: {ms_map_move_check,92,38}
2014-06-05 21:01:38.626 [error] <0.84.0>@robot_util:send_msg:9 Send packet: {ms_map_move_check,91,38}
2014-06-05 21:01:38.836 [error] <0.84.0>@robot_util:send_msg:9 Send packet: {ms_map_move_check,89,38}
2014-06-05 21:01:40.246 [error] <0.84.0>@robot_util:send_msg:9 Send packet: {ms_map_move,"Y&Z&[&\\&]&^&_&`&"}
2014-06-05 21:01:40.246 [error] <0.84.0>@robot_util:send_msg:9 Send packet: {ms_map_move_check,89,38}
2014-06-05 21:01:40.460 [error] <0.84.0>@robot_util:send_msg:9 Send packet: {ms_map_move_check,90,38}
2014-06-05 21:01:40.651 [error] <0.84.0>@robot_util:send_msg:9 Send packet: {ms_map_move_check,91,38}
2014-06-05 21:01:40.856 [error] <0.84.0>@robot_util:send_msg:9 Send packet: {ms_map_move_check,92,38}
2014-06-05 21:01:41.066 [error] <0.84.0>@robot_util:send_msg:9 Send packet: {ms_map_move_check,93,38}
2014-06-05 21:01:41.260 [error] <0.84.0>@robot_util:send_msg:9 Send packet: {ms_map_move_check,94,38}
2014-06-05 21:01:41.464 [error] <0.84.0>@robot_util:send_msg:9 Send packet: {ms_map_move_check,95,38}
2014-06-05 21:01:41.675 [error] <0.84.0>@robot_util:send_msg:9 Send packet: {ms_map_move_check,96,38}
2014-06-05 21:01:41.676 [error] <0.84.0>@pt:unpacket:9 Recv packet: {mc_map_leave,[],[]}
2014-06-05 21:01:41.676 [error] <0.84.0>@pt:unpacket:9 Recv packet: {mc_map_enter,[],[]}
2014-06-05 21:01:41.677 [error] <0.84.0>@mod_map:handle:9 DBG "State"=={robot,1,[114,111,98,111,116,95,49],[],6,#Port<0.3424>,0,1,[1],10000,{r_pos,0,96,38,0},[],0,0,0,[],0,0}
2014-06-05 21:01:43.288 [error] <0.84.0>@robot_util:send_msg:9 Send packet: {ms_map_move,"`&_&^&]&\\&[&Y&"}
2014-06-05 21:01:43.288 [error] <0.84.0>@robot_util:send_msg:9 Send packet: {ms_map_move_check,96,38}
2014-06-05 21:01:43.502 [error] <0.84.0>@robot_util:send_msg:9 Send packet: {ms_map_move_check,95,38}
2014-06-05 21:01:43.503 [error] <0.84.0>@pt:unpacket:9 Recv packet: {mc_map_leave,[],[]}
2014-06-05 21:01:43.503 [error] <0.84.0>@pt:unpacket:9 Recv packet: {mc_map_enter,[],[]}
2014-06-05 21:01:43.503 [error] <0.84.0>@mod_map:handle:9 DBG "State"=={robot,1,[114,111,98,111,116,95,49],[],6,#Port<0.3424>,0,1,[1],10000,{r_pos,0,95,38,0},[{94,38},{93,38},{92,38},{91,38},{89,38}],0,0,0,[],0,0}
2014-06-05 21:01:43.702 [error] <0.84.0>@robot_util:send_msg:9 Send packet: {ms_map_move_check,94,38}
2014-06-05 21:01:43.904 [error] <0.84.0>@robot_util:send_msg:9 Send packet: {ms_map_move_check,93,38}
2014-06-05 21:01:44.103 [error] <0.84.0>@robot_util:send_msg:9 Send packet: {ms_map_move_check,92,38}
2014-06-05 21:01:44.302 [error] <0.84.0>@robot_util:send_msg:9 Send packet: {ms_map_move_check,92,38}
2014-06-05 21:01:44.510 [error] <0.84.0>@robot_util:send_msg:9 Send packet: {ms_map_move_check,93,38}
2014-06-05 21:01:44.715 [error] <0.84.0>@robot_util:send_msg:9 Send packet: {ms_map_move_check,94,38}
2014-06-05 21:01:44.915 [error] <0.84.0>@robot_util:send_msg:9 Send packet: {ms_map_move_check,95,38}
2014-06-05 21:01:45.124 [error] <0.84.0>@robot_util:send_msg:9 Send packet: {ms_map_move_check,96,38}
2014-06-05 21:01:45.316 [error] <0.84.0>@robot_util:send_msg:9 Send packet: {ms_map_move,"a&b&c&"}
2014-06-05 21:01:45.316 [error] <0.84.0>@robot_util:send_msg:9 Send packet: {ms_map_move_check,97,38}
2014-06-05 21:01:45.316 [error] <0.84.0>@robot_util:send_msg:9 Send packet: {ms_map_move_check,98,38}
2014-06-05 21:01:45.317 [error] <0.84.0>@pt:unpacket:9 Recv packet: {mc_map_leave,[],[]}
2014-06-05 21:01:45.317 [error] <0.84.0>@pt:unpacket:9 Recv packet: {mc_map_enter,[],[]}
2014-06-05 21:01:45.317 [error] <0.84.0>@mod_map:handle:9 DBG "State"=={robot,1,[114,111,98,111,116,95,49],[],6,#Port<0.3424>,0,1,[1],10000,{r_pos,0,98,38,0},[{99,38}],0,0,0,[],0,0}
2014-06-05 21:01:45.527 [error] <0.84.0>@robot_util:send_msg:9 Send packet: {ms_map_move_check,99,38}
